2021-01-17 00:28:51,686 [main] WARN  [com.netflix.config.sources.URLConfigurationSource] URLConfigurationSource.java:121 - No URLs will be polled as dynamic configuration sources.
2021-01-17 00:28:51,692 [main] WARN  [com.netflix.config.sources.URLConfigurationSource] URLConfigurationSource.java:121 - No URLs will be polled as dynamic configuration sources.
2021-01-17 00:29:12,234 [http-nio-8080-exec-1] WARN  [com.atguigu.servicebase.config.GlobalExceptionHandler] GlobalExceptionHandler.java:37 - Spring boot启动初始化了 10 个 Bean
2021-01-17 01:11:59,981 [HikariPool-1 housekeeper] WARN  [com.zaxxer.hikari.pool.HikariPool] HikariPool.java:787 - HikariPool-1 - Thread starvation or clock leap detected (housekeeper delta=40m8s906ms).
2021-01-17 11:34:51,963 [main] WARN  [com.netflix.config.sources.URLConfigurationSource] URLConfigurationSource.java:121 - No URLs will be polled as dynamic configuration sources.
2021-01-17 11:34:51,971 [main] WARN  [com.netflix.config.sources.URLConfigurationSource] URLConfigurationSource.java:121 - No URLs will be polled as dynamic configuration sources.
2021-01-17 11:44:53,670 [main] WARN  [com.netflix.config.sources.URLConfigurationSource] URLConfigurationSource.java:121 - No URLs will be polled as dynamic configuration sources.
2021-01-17 11:44:53,676 [main] WARN  [com.netflix.config.sources.URLConfigurationSource] URLConfigurationSource.java:121 - No URLs will be polled as dynamic configuration sources.
2021-01-17 11:47:44,336 [main] WARN  [com.netflix.config.sources.URLConfigurationSource] URLConfigurationSource.java:121 - No URLs will be polled as dynamic configuration sources.
2021-01-17 11:47:44,341 [main] WARN  [com.netflix.config.sources.URLConfigurationSource] URLConfigurationSource.java:121 - No URLs will be polled as dynamic configuration sources.
2021-01-17 11:49:01,867 [main] WARN  [com.netflix.config.sources.URLConfigurationSource] URLConfigurationSource.java:121 - No URLs will be polled as dynamic configuration sources.
2021-01-17 11:49:01,874 [main] WARN  [com.netflix.config.sources.URLConfigurationSource] URLConfigurationSource.java:121 - No URLs will be polled as dynamic configuration sources.
2021-01-17 11:55:51,222 [main] WARN  [com.netflix.config.sources.URLConfigurationSource] URLConfigurationSource.java:121 - No URLs will be polled as dynamic configuration sources.
2021-01-17 11:55:51,228 [main] WARN  [com.netflix.config.sources.URLConfigurationSource] URLConfigurationSource.java:121 - No URLs will be polled as dynamic configuration sources.
2021-01-17 12:14:16,474 [main] WARN  [com.netflix.config.sources.URLConfigurationSource] URLConfigurationSource.java:121 - No URLs will be polled as dynamic configuration sources.
2021-01-17 12:14:16,481 [main] WARN  [com.netflix.config.sources.URLConfigurationSource] URLConfigurationSource.java:121 - No URLs will be polled as dynamic configuration sources.
2021-01-17 12:54:41,196 [HikariPool-1 housekeeper] WARN  [com.zaxxer.hikari.pool.HikariPool] HikariPool.java:787 - HikariPool-1 - Thread starvation or clock leap detected (housekeeper delta=37m55s676ms).
2021-01-17 14:55:09,223 [HikariPool-1 housekeeper] WARN  [com.zaxxer.hikari.pool.HikariPool] HikariPool.java:787 - HikariPool-1 - Thread starvation or clock leap detected (housekeeper delta=2h28s27ms).
2021-01-17 15:05:00,699 [HikariPool-1 housekeeper] WARN  [com.zaxxer.hikari.pool.HikariPool] HikariPool.java:787 - HikariPool-1 - Thread starvation or clock leap detected (housekeeper delta=9m21s488ms).
2021-01-17 15:40:13,035 [main] WARN  [com.netflix.config.sources.URLConfigurationSource] URLConfigurationSource.java:121 - No URLs will be polled as dynamic configuration sources.
2021-01-17 15:40:13,041 [main] WARN  [com.netflix.config.sources.URLConfigurationSource] URLConfigurationSource.java:121 - No URLs will be polled as dynamic configuration sources.
2021-01-17 15:57:06,501 [main] WARN  [com.netflix.config.sources.URLConfigurationSource] URLConfigurationSource.java:121 - No URLs will be polled as dynamic configuration sources.
2021-01-17 15:57:06,507 [main] WARN  [com.netflix.config.sources.URLConfigurationSource] URLConfigurationSource.java:121 - No URLs will be polled as dynamic configuration sources.
2021-01-17 16:02:41,390 [main] WARN  [com.netflix.config.sources.URLConfigurationSource] URLConfigurationSource.java:121 - No URLs will be polled as dynamic configuration sources.
2021-01-17 16:02:41,395 [main] WARN  [com.netflix.config.sources.URLConfigurationSource] URLConfigurationSource.java:121 - No URLs will be polled as dynamic configuration sources.
2021-01-17 16:04:21,539 [main] WARN  [com.netflix.config.sources.URLConfigurationSource] URLConfigurationSource.java:121 - No URLs will be polled as dynamic configuration sources.
2021-01-17 16:04:21,544 [main] WARN  [com.netflix.config.sources.URLConfigurationSource] URLConfigurationSource.java:121 - No URLs will be polled as dynamic configuration sources.
2021-01-17 16:08:17,173 [main] WARN  [com.netflix.config.sources.URLConfigurationSource] URLConfigurationSource.java:121 - No URLs will be polled as dynamic configuration sources.
2021-01-17 16:08:17,180 [main] WARN  [com.netflix.config.sources.URLConfigurationSource] URLConfigurationSource.java:121 - No URLs will be polled as dynamic configuration sources.
2021-01-17 16:09:57,944 [main] WARN  [com.netflix.config.sources.URLConfigurationSource] URLConfigurationSource.java:121 - No URLs will be polled as dynamic configuration sources.
2021-01-17 16:09:57,952 [main] WARN  [com.netflix.config.sources.URLConfigurationSource] URLConfigurationSource.java:121 - No URLs will be polled as dynamic configuration sources.
2021-01-17 16:11:31,229 [main] WARN  [com.netflix.config.sources.URLConfigurationSource] URLConfigurationSource.java:121 - No URLs will be polled as dynamic configuration sources.
2021-01-17 16:11:31,235 [main] WARN  [com.netflix.config.sources.URLConfigurationSource] URLConfigurationSource.java:121 - No URLs will be polled as dynamic configuration sources.
2021-01-17 16:14:40,960 [main] WARN  [com.netflix.config.sources.URLConfigurationSource] URLConfigurationSource.java:121 - No URLs will be polled as dynamic configuration sources.
2021-01-17 16:14:40,966 [main] WARN  [com.netflix.config.sources.URLConfigurationSource] URLConfigurationSource.java:121 - No URLs will be polled as dynamic configuration sources.
2021-01-17 16:17:15,572 [main] WARN  [com.netflix.config.sources.URLConfigurationSource] URLConfigurationSource.java:121 - No URLs will be polled as dynamic configuration sources.
2021-01-17 16:17:15,578 [main] WARN  [com.netflix.config.sources.URLConfigurationSource] URLConfigurationSource.java:121 - No URLs will be polled as dynamic configuration sources.
2021-01-17 16:17:37,190 [http-nio-8101-exec-10] WARN  [com.atguigu.servicebase.config.GlobalExceptionHandler] GlobalExceptionHandler.java:37 - Spring boot启动初始化了 10 个 Bean
2021-01-17 16:19:02,464 [http-nio-8101-exec-4] WARN  [com.atguigu.servicebase.config.GlobalExceptionHandler] GlobalExceptionHandler.java:37 - Spring boot启动初始化了 10 个 Bean
2021-01-17 16:19:23,537 [main] WARN  [com.netflix.config.sources.URLConfigurationSource] URLConfigurationSource.java:121 - No URLs will be polled as dynamic configuration sources.
2021-01-17 16:19:23,542 [main] WARN  [com.netflix.config.sources.URLConfigurationSource] URLConfigurationSource.java:121 - No URLs will be polled as dynamic configuration sources.
2021-01-17 16:20:23,853 [main] WARN  [com.netflix.config.sources.URLConfigurationSource] URLConfigurationSource.java:121 - No URLs will be polled as dynamic configuration sources.
2021-01-17 16:20:23,857 [main] WARN  [com.netflix.config.sources.URLConfigurationSource] URLConfigurationSource.java:121 - No URLs will be polled as dynamic configuration sources.
2021-01-17 16:25:09,208 [main] WARN  [com.netflix.config.sources.URLConfigurationSource] URLConfigurationSource.java:121 - No URLs will be polled as dynamic configuration sources.
2021-01-17 16:25:09,213 [main] WARN  [com.netflix.config.sources.URLConfigurationSource] URLConfigurationSource.java:121 - No URLs will be polled as dynamic configuration sources.
2021-01-17 16:28:01,790 [main] WARN  [com.netflix.config.sources.URLConfigurationSource] URLConfigurationSource.java:121 - No URLs will be polled as dynamic configuration sources.
2021-01-17 16:28:01,794 [main] WARN  [com.netflix.config.sources.URLConfigurationSource] URLConfigurationSource.java:121 - No URLs will be polled as dynamic configuration sources.
2021-01-17 17:20:39,199 [main] WARN  [com.netflix.config.sources.URLConfigurationSource] URLConfigurationSource.java:121 - No URLs will be polled as dynamic configuration sources.
2021-01-17 17:20:39,204 [main] WARN  [com.netflix.config.sources.URLConfigurationSource] URLConfigurationSource.java:121 - No URLs will be polled as dynamic configuration sources.
2021-01-17 17:21:52,417 [main] WARN  [com.netflix.config.sources.URLConfigurationSource] URLConfigurationSource.java:121 - No URLs will be polled as dynamic configuration sources.
2021-01-17 17:21:52,421 [main] WARN  [com.netflix.config.sources.URLConfigurationSource] URLConfigurationSource.java:121 - No URLs will be polled as dynamic configuration sources.
2021-01-17 17:22:28,776 [main] WARN  [com.netflix.config.sources.URLConfigurationSource] URLConfigurationSource.java:121 - No URLs will be polled as dynamic configuration sources.
2021-01-17 17:22:28,781 [main] WARN  [com.netflix.config.sources.URLConfigurationSource] URLConfigurationSource.java:121 - No URLs will be polled as dynamic configuration sources.
2021-01-17 17:25:41,240 [main] WARN  [org.springframework.boot.web.servlet.context.AnnotationConfigServletWebServerApplicationContext] AbstractApplicationContext.java:558 - Exception encountered during context initialization - cancelling refresh attempt: org.springframework.beans.factory.BeanCreationException: Error creating bean with name 'constantPropertiesUtil': Injection of autowired dependencies failed; nested exception is java.lang.IllegalArgumentException: Could not resolve placeholder 'aliyun.oss.file.filehost' in value "${aliyun.oss.file.filehost}"
2021-01-17 17:27:53,408 [main] WARN  [org.springframework.boot.web.servlet.context.AnnotationConfigServletWebServerApplicationContext] AbstractApplicationContext.java:558 - Exception encountered during context initialization - cancelling refresh attempt: org.springframework.beans.factory.BeanCreationException: Error creating bean with name 'constantPropertiesUtil': Injection of autowired dependencies failed; nested exception is java.lang.IllegalArgumentException: Could not resolve placeholder 'aliyun.oss.file.filehost' in value "${aliyun.oss.file.filehost}"
2021-01-17 17:31:15,329 [main] WARN  [com.netflix.config.sources.URLConfigurationSource] URLConfigurationSource.java:121 - No URLs will be polled as dynamic configuration sources.
2021-01-17 17:31:15,335 [main] WARN  [com.netflix.config.sources.URLConfigurationSource] URLConfigurationSource.java:121 - No URLs will be polled as dynamic configuration sources.
2021-01-17 17:31:23,457 [main] WARN  [com.netflix.config.sources.URLConfigurationSource] URLConfigurationSource.java:121 - No URLs will be polled as dynamic configuration sources.
2021-01-17 17:31:23,467 [main] WARN  [com.netflix.config.sources.URLConfigurationSource] URLConfigurationSource.java:121 - No URLs will be polled as dynamic configuration sources.
2021-01-17 17:32:11,335 [main] WARN  [com.netflix.config.sources.URLConfigurationSource] URLConfigurationSource.java:121 - No URLs will be polled as dynamic configuration sources.
2021-01-17 17:32:11,340 [main] WARN  [com.netflix.config.sources.URLConfigurationSource] URLConfigurationSource.java:121 - No URLs will be polled as dynamic configuration sources.
2021-01-17 17:35:30,990 [main] WARN  [com.netflix.config.sources.URLConfigurationSource] URLConfigurationSource.java:121 - No URLs will be polled as dynamic configuration sources.
2021-01-17 17:35:30,996 [main] WARN  [com.netflix.config.sources.URLConfigurationSource] URLConfigurationSource.java:121 - No URLs will be polled as dynamic configuration sources.
2021-01-17 17:44:28,501 [main] WARN  [com.netflix.config.sources.URLConfigurationSource] URLConfigurationSource.java:121 - No URLs will be polled as dynamic configuration sources.
2021-01-17 17:44:28,507 [main] WARN  [com.netflix.config.sources.URLConfigurationSource] URLConfigurationSource.java:121 - No URLs will be polled as dynamic configuration sources.
2021-01-17 17:44:35,563 [http-nio-8002-exec-1] WARN  [com.aliyun.oss] LogUtils.java:70 - [Server]Unable to execute HTTP request: You have no right to access this object because of bucket acl.
[ErrorCode]: AccessDenied
[RequestId]: 60040703D9A902303666D294
[HostId]: guli-file-zdf.oss-cn-chengdu.aliyuncs.com
[ResponseError]:
<?xml version="1.0" encoding="UTF-8"?>
<Error>
  <Code>AccessDenied</Code>
  <Message>You have no right to access this object because of bucket acl.</Message>
  <RequestId>60040703D9A902303666D294</RequestId>
  <HostId>guli-file-zdf.oss-cn-chengdu.aliyuncs.com</HostId>
</Error>

2021-01-17 17:50:10,783 [main] WARN  [com.netflix.config.sources.URLConfigurationSource] URLConfigurationSource.java:121 - No URLs will be polled as dynamic configuration sources.
2021-01-17 17:50:10,789 [main] WARN  [com.netflix.config.sources.URLConfigurationSource] URLConfigurationSource.java:121 - No URLs will be polled as dynamic configuration sources.
2021-01-17 17:50:19,304 [http-nio-8002-exec-1] WARN  [com.aliyun.oss] LogUtils.java:70 - [Server]Unable to execute HTTP request: You have no right to access this object because of bucket acl.
[ErrorCode]: AccessDenied
[RequestId]: 6004085B5CCCDD36323629EC
[HostId]: guli-file-zdf.oss-cn-chengdu.aliyuncs.com
[ResponseError]:
<?xml version="1.0" encoding="UTF-8"?>
<Error>
  <Code>AccessDenied</Code>
  <Message>You have no right to access this object because of bucket acl.</Message>
  <RequestId>6004085B5CCCDD36323629EC</RequestId>
  <HostId>guli-file-zdf.oss-cn-chengdu.aliyuncs.com</HostId>
</Error>

2021-01-17 18:04:50,360 [main] WARN  [com.netflix.config.sources.URLConfigurationSource] URLConfigurationSource.java:121 - No URLs will be polled as dynamic configuration sources.
2021-01-17 18:04:50,368 [main] WARN  [com.netflix.config.sources.URLConfigurationSource] URLConfigurationSource.java:121 - No URLs will be polled as dynamic configuration sources.
2021-01-17 19:18:06,468 [main] WARN  [com.netflix.config.sources.URLConfigurationSource] URLConfigurationSource.java:121 - No URLs will be polled as dynamic configuration sources.
2021-01-17 19:18:06,473 [main] WARN  [com.netflix.config.sources.URLConfigurationSource] URLConfigurationSource.java:121 - No URLs will be polled as dynamic configuration sources.
2021-01-17 19:19:12,496 [http-nio-8101-exec-7] WARN  [com.atguigu.servicebase.config.GlobalExceptionHandler] GlobalExceptionHandler.java:37 - Spring boot启动初始化了 10 个 Bean
2021-01-17 19:21:00,966 [main] WARN  [com.netflix.config.sources.URLConfigurationSource] URLConfigurationSource.java:121 - No URLs will be polled as dynamic configuration sources.
2021-01-17 19:21:00,972 [main] WARN  [com.netflix.config.sources.URLConfigurationSource] URLConfigurationSource.java:121 - No URLs will be polled as dynamic configuration sources.
2021-01-17 19:21:14,007 [http-nio-8101-exec-1] WARN  [com.atguigu.servicebase.config.GlobalExceptionHandler] GlobalExceptionHandler.java:37 - Spring boot启动初始化了 10 个 Bean
2021-01-17 19:24:11,988 [http-nio-8101-exec-3] WARN  [com.atguigu.servicebase.config.GlobalExceptionHandler] GlobalExceptionHandler.java:37 - Spring boot启动初始化了 10 个 Bean
2021-01-17 19:25:50,168 [http-nio-8101-exec-3] WARN  [com.atguigu.servicebase.config.GlobalExceptionHandler] GlobalExceptionHandler.java:37 - Spring boot启动初始化了 10 个 Bean
2021-01-17 19:28:01,050 [main] WARN  [com.netflix.config.sources.URLConfigurationSource] URLConfigurationSource.java:121 - No URLs will be polled as dynamic configuration sources.
2021-01-17 19:28:01,056 [main] WARN  [com.netflix.config.sources.URLConfigurationSource] URLConfigurationSource.java:121 - No URLs will be polled as dynamic configuration sources.
2021-01-17 19:28:11,343 [http-nio-8101-exec-1] WARN  [com.atguigu.servicebase.config.GlobalExceptionHandler] GlobalExceptionHandler.java:37 - Spring boot启动初始化了 10 个 Bean
2021-01-17 19:28:22,959 [http-nio-8101-exec-2] WARN  [com.atguigu.servicebase.config.GlobalExceptionHandler] GlobalExceptionHandler.java:37 - Spring boot启动初始化了 10 个 Bean
2021-01-17 19:29:10,295 [main] WARN  [com.netflix.config.sources.URLConfigurationSource] URLConfigurationSource.java:121 - No URLs will be polled as dynamic configuration sources.
2021-01-17 19:29:10,301 [main] WARN  [com.netflix.config.sources.URLConfigurationSource] URLConfigurationSource.java:121 - No URLs will be polled as dynamic configuration sources.
2021-01-17 19:33:22,606 [http-nio-8101-exec-1] WARN  [com.atguigu.servicebase.config.GlobalExceptionHandler] GlobalExceptionHandler.java:37 - Spring boot启动初始化了 10 个 Bean
2021-01-17 19:34:19,974 [main] WARN  [com.netflix.config.sources.URLConfigurationSource] URLConfigurationSource.java:121 - No URLs will be polled as dynamic configuration sources.
2021-01-17 19:34:19,980 [main] WARN  [com.netflix.config.sources.URLConfigurationSource] URLConfigurationSource.java:121 - No URLs will be polled as dynamic configuration sources.
2021-01-17 19:35:42,625 [main] WARN  [com.netflix.config.sources.URLConfigurationSource] URLConfigurationSource.java:121 - No URLs will be polled as dynamic configuration sources.
2021-01-17 19:35:42,633 [main] WARN  [com.netflix.config.sources.URLConfigurationSource] URLConfigurationSource.java:121 - No URLs will be polled as dynamic configuration sources.
2021-01-17 19:37:41,509 [main] WARN  [com.netflix.config.sources.URLConfigurationSource] URLConfigurationSource.java:121 - No URLs will be polled as dynamic configuration sources.
2021-01-17 19:37:41,517 [main] WARN  [com.netflix.config.sources.URLConfigurationSource] URLConfigurationSource.java:121 - No URLs will be polled as dynamic configuration sources.
2021-01-17 19:48:05,218 [main] WARN  [com.netflix.config.sources.URLConfigurationSource] URLConfigurationSource.java:121 - No URLs will be polled as dynamic configuration sources.
2021-01-17 19:48:05,224 [main] WARN  [com.netflix.config.sources.URLConfigurationSource] URLConfigurationSource.java:121 - No URLs will be polled as dynamic configuration sources.
2021-01-17 19:49:21,684 [main] WARN  [com.netflix.config.sources.URLConfigurationSource] URLConfigurationSource.java:121 - No URLs will be polled as dynamic configuration sources.
2021-01-17 19:49:21,690 [main] WARN  [com.netflix.config.sources.URLConfigurationSource] URLConfigurationSource.java:121 - No URLs will be polled as dynamic configuration sources.
2021-01-17 19:51:01,941 [main] WARN  [com.netflix.config.sources.URLConfigurationSource] URLConfigurationSource.java:121 - No URLs will be polled as dynamic configuration sources.
2021-01-17 19:51:01,949 [main] WARN  [com.netflix.config.sources.URLConfigurationSource] URLConfigurationSource.java:121 - No URLs will be polled as dynamic configuration sources.
2021-01-17 20:38:21,393 [HikariPool-1 housekeeper] WARN  [com.zaxxer.hikari.pool.HikariPool] HikariPool.java:787 - HikariPool-1 - Thread starvation or clock leap detected (housekeeper delta=31m20s41ms).
2021-01-17 20:38:50,767 [HikariPool-1 housekeeper] WARN  [com.zaxxer.hikari.pool.HikariPool] HikariPool.java:779 - HikariPool-1 - Retrograde clock change detected (housekeeper delta=29s375ms), soft-evicting connections from pool.
2021-01-17 21:31:09,641 [HikariPool-1 housekeeper] WARN  [com.zaxxer.hikari.pool.HikariPool] HikariPool.java:787 - HikariPool-1 - Thread starvation or clock leap detected (housekeeper delta=52m18s874ms).
2021-01-17 23:16:41,567 [HikariPool-1 housekeeper] WARN  [com.zaxxer.hikari.pool.HikariPool] HikariPool.java:787 - HikariPool-1 - Thread starvation or clock leap detected (housekeeper delta=32m1s72ms).
